-------------------------------------------------------------------------------
Test set: TestSuite
-------------------------------------------------------------------------------
Tests run: 2, Failures: 1, Errors: 0, Skipped: 0, Time elapsed: 38.573 s <<< FAILURE! - in TestSuite
com.test.WeatherComparisonTest.compareWeatherOutsideRange  Time elapsed: 3.642 s  <<< FAILURE!
java.lang.AssertionError: Temperature is Outside permissible Range
	at com.test.WeatherComparisonTest.compareWeatherOutsideRange(WeatherComparisonTest.java:58)

